# JRE version: Java(TM) SE Runtime Environment (8.0_151-b12) (build 1.8.0_151-b12)
# Java VM: Java HotSpot(TM) 64-Bit Server VM (25.151-b12 mixed mode windows-amd64 compressed oops)
Heap:
 PSYoungGen      total 18944K, used 11624K [0x00000000eb400000, 0x00000000ec900000, 0x0000000100000000)
  eden space 16384K, 70% used [0x00000000eb400000,0x00000000ebf5a338,0x00000000ec400000)
  from space 2560K, 0% used [0x00000000ec680000,0x00000000ec680000,0x00000000ec900000)
  to   space 2560K, 0% used [0x00000000ec400000,0x00000000ec400000,0x00000000ec680000)
 ParOldGen       total 25600K, used 5667K [0x00000000c1c00000, 0x00000000c3500000, 0x00000000eb400000)
  object space 25600K, 22% used [0x00000000c1c00000,0x00000000c2188da0,0x00000000c3500000)
 Metaspace       used 23743K, capacity 24070K, committed 24448K, reserved 1071104K
  class space    used 2555K, capacity 2641K, committed 2688K, reserved 1048576K
GC Heap History (6 events):
Event: 193.958 GC heap before
{Heap before GC invocations=1 (full 0):
 PSYoungGen      total 18944K, used 16384K [0x00000000eb400000, 0x00000000ec900000, 0x0000000100000000)
  eden space 16384K, 100% used [0x00000000eb400000,0x00000000ec400000,0x00000000ec400000)
  from space 2560K, 0% used [0x00000000ec680000,0x00000000ec680000,0x00000000ec900000)
  to   space 2560K, 0% used [0x00000000ec400000,0x00000000ec400000,0x00000000ec680000)
 ParOldGen       total 44032K, used 0K [0x00000000c1c00000, 0x00000000c4700000, 0x00000000eb400000)
  object space 44032K, 0% used [0x00000000c1c00000,0x00000000c1c00000,0x00000000c4700000)
 Metaspace       used 16002K, capacity 16220K, committed 16384K, reserved 1062912K
  class space    used 1906K, capacity 1990K, committed 2048K, reserved 1048576K
Event: 193.965 GC heap after
Heap after GC invocations=1 (full 0):
 PSYoungGen      total 18944K, used 2536K [0x00000000eb400000, 0x00000000ec900000, 0x0000000100000000)
  eden space 16384K, 0% used [0x00000000eb400000,0x00000000eb400000,0x00000000ec400000)
  from space 2560K, 99% used [0x00000000ec400000,0x00000000ec67a2e0,0x00000000ec680000)
  to   space 2560K, 0% used [0x00000000ec680000,0x00000000ec680000,0x00000000ec900000)
 ParOldGen       total 44032K, used 1448K [0x00000000c1c00000, 0x00000000c4700000, 0x00000000eb400000)
  object space 44032K, 3% used [0x00000000c1c00000,0x00000000c1d6a3f0,0x00000000c4700000)
 Metaspace       used 16002K, capacity 16220K, committed 16384K, reserved 1062912K
  class space    used 1906K, capacity 1990K, committed 2048K, reserved 1048576K
}
Event: 195.491 GC heap before
{Heap before GC invocations=2 (full 0):
 PSYoungGen      total 18944K, used 16109K [0x00000000eb400000, 0x00000000ec900000, 0x0000000100000000)
  eden space 16384K, 82% used [0x00000000eb400000,0x00000000ec141360,0x00000000ec400000)
  from space 2560K, 99% used [0x00000000ec400000,0x00000000ec67a2e0,0x00000000ec680000)
  to   space 2560K, 0% used [0x00000000ec680000,0x00000000ec680000,0x00000000ec900000)
 ParOldGen       total 44032K, used 1448K [0x00000000c1c00000, 0x00000000c4700000, 0x00000000eb400000)
  object space 44032K, 3% used [0x00000000c1c00000,0x00000000c1d6a3f0,0x00000000c4700000)
 Metaspace       used 20970K, capacity 21160K, committed 21296K, reserved 1069056K
  class space    used 2302K, capacity 2378K, committed 2432K, reserved 1048576K
Event: 195.498 GC heap after
Heap after GC invocations=2 (full 0):
 PSYoungGen      total 18944K, used 2538K [0x00000000eb400000, 0x00000000ec900000, 0x0000000100000000)
  eden space 16384K, 0% used [0x00000000eb400000,0x00000000eb400000,0x00000000ec400000)
  from space 2560K, 99% used [0x00000000ec680000,0x00000000ec8fab98,0x00000000ec900000)
  to   space 2560K, 0% used [0x00000000ec400000,0x00000000ec400000,0x00000000ec680000)
 ParOldGen       total 44032K, used 4497K [0x00000000c1c00000, 0x00000000c4700000, 0x00000000eb400000)
  object space 44032K, 10% used [0x00000000c1c00000,0x00000000c2064448,0x00000000c4700000)
 Metaspace       used 20970K, capacity 21160K, committed 21296K, reserved 1069056K
  class space    used 2302K, capacity 2378K, committed 2432K, reserved 1048576K
}
Event: 195.498 GC heap before
{Heap before GC invocations=3 (full 1):
 PSYoungGen      total 18944K, used 2538K [0x00000000eb400000, 0x00000000ec900000, 0x0000000100000000)
  eden space 16384K, 0% used [0x00000000eb400000,0x00000000eb400000,0x00000000ec400000)
  from space 2560K, 99% used [0x00000000ec680000,0x00000000ec8fab98,0x00000000ec900000)
  to   space 2560K, 0% used [0x00000000ec400000,0x00000000ec400000,0x00000000ec680000)
 ParOldGen       total 44032K, used 4497K [0x00000000c1c00000, 0x00000000c4700000, 0x00000000eb400000)
  object space 44032K, 10% used [0x00000000c1c00000,0x00000000c2064448,0x00000000c4700000)
 Metaspace       used 20970K, capacity 21160K, committed 21296K, reserved 1069056K
  class space    used 2302K, capacity 2378K, committed 2432K, reserved 1048576K
Event: 195.530 GC heap after
Heap after GC invocations=3 (full 1):
 PSYoungGen      total 18944K, used 0K [0x00000000eb400000, 0x00000000ec900000, 0x0000000100000000)
  eden space 16384K, 0% used [0x00000000eb400000,0x00000000eb400000,0x00000000ec400000)
  from space 2560K, 0% used [0x00000000ec680000,0x00000000ec680000,0x00000000ec900000)
  to   space 2560K, 0% used [0x00000000ec400000,0x00000000ec400000,0x00000000ec680000)
 ParOldGen       total 25600K, used 5667K [0x00000000c1c00000, 0x00000000c3500000, 0x00000000eb400000)
  object space 25600K, 22% used [0x00000000c1c00000,0x00000000c2188da0,0x00000000c3500000)
 Metaspace       used 20970K, capacity 21160K, committed 21296K, reserved 1069056K
  class space    used 2302K, capacity 2378K, committed 2432K, reserved 1048576K
}

